{"E:\\Workspaces\\saas-template\\infrastructure\\aws\\functions\\api\\src\\handler.ts": {"path":"E:\\Workspaces\\saas-template\\infrastructure\\aws\\functions\\api\\src\\handler.ts","statementMap":{"0":{"start":{"line":1,"column":0},"end":{"line":1,"column":45}},"1":{"start":{"line":4,"column":0},"end":{"line":4,"column":41}},"2":{"start":{"line":9,"column":14},"end":{"line":9,"column":39}},"3":{"start":{"line":10,"column":21},"end":{"line":20,"column":4}},"4":{"start":{"line":12,"column":6},"end":{"line":18,"column":null}},"5":{"start":{"line":13,"column":8},"end":{"line":17,"column":null}},"6":{"start":{"line":14,"column":10},"end":{"line":14,"column":48}},"7":{"start":{"line":16,"column":10},"end":{"line":16,"column":41}},"8":{"start":{"line":21,"column":2},"end":{"line":27,"column":4}},"9":{"start":{"line":22,"column":4},"end":{"line":22,"column":33}},"10":{"start":{"line":23,"column":4},"end":{"line":23,"column":37}},"11":{"start":{"line":24,"column":19},"end":{"line":24,"column":51}},"12":{"start":{"line":25,"column":4},"end":{"line":25,"column":35}},"13":{"start":{"line":26,"column":4},"end":{"line":26,"column":18}},"14":{"start":{"line":6,"column":0},"end":{"line":6,"column":16}}},"fnMap":{"0":{"name":"createHandler","decl":{"start":{"line":6,"column":16},"end":{"line":6,"column":29}},"loc":{"start":{"line":7,"column":46},"end":{"line":28,"column":1}}},"1":{"name":"(anonymous_2)","decl":{"start":{"line":11,"column":4},"end":{"line":11,"column":11}},"loc":{"start":{"line":11,"column":75},"end":{"line":19,"column":5}}},"2":{"name":"(anonymous_3)","decl":{"start":{"line":21,"column":9},"end":{"line":21,"column":14}},"loc":{"start":{"line":21,"column":34},"end":{"line":27,"column":3}}}},"branchMap":{"0":{"loc":{"start":{"line":12,"column":6},"end":{"line":18,"column":null}},"type":"if","locations":[{"start":{"line":12,"column":6},"end":{"line":18,"column":null}}]}},"s":{"0":1,"1":1,"2":1,"3":1,"4":1,"5":1,"6":1,"7":0,"8":1,"9":1,"10":1,"11":1,"12":1,"13":1,"14":1},"f":{"0":1,"1":1,"2":1},"b":{"0":[1]}}
}
